TN:
SF:src/app.ts
FN:12,main
FNF:1
FNH:0
FNDA:0,main
DA:1,0
DA:2,0
DA:3,0
DA:4,0
DA:5,0
DA:6,0
DA:7,0
DA:8,0
DA:9,0
DA:10,0
DA:13,0
DA:14,0
DA:15,0
DA:16,0
DA:17,0
DA:19,0
DA:22,0
DA:23,0
DA:25,0
DA:32,0
DA:37,0
DA:39,0
DA:40,0
DA:41,0
DA:43,0
DA:45,0
DA:46,0
DA:50,0
LF:28
LH:0
BRDA:20,0,0,0
BRDA:20,0,1,0
BRF:2
BRH:0
end_of_record
TN:
SF:src/application/use-cases/SendEmailUseCase.ts
FN:5,(anonymous_0)
FN:7,(anonymous_1)
FNF:2
FNH:0
FNDA:0,(anonymous_0)
FNDA:0,(anonymous_1)
DA:4,0
DA:5,0
DA:8,0
DA:9,0
DA:12,0
LF:5
LH:0
BRDA:8,0,0,0
BRDA:8,1,0,0
BRDA:8,1,1,0
BRF:3
BRH:0
end_of_record
TN:
SF:src/infra/email/EmailProviderFactory.ts
FN:8,getEmailProvider
FNF:1
FNH:1
FNDA:3,getEmailProvider
DA:1,1
DA:3,1
DA:4,1
DA:6,1
DA:8,1
DA:9,3
DA:11,3
DA:13,0
DA:15,0
LF:9
LH:7
BRDA:9,0,0,3
BRDA:9,0,1,0
BRDA:9,0,2,0
BRF:3
BRH:1
end_of_record
TN:
SF:src/infra/providers/SMTPProvider.ts
FN:6,(anonymous_1)
FN:16,(anonymous_2)
FNF:2
FNH:2
FNDA:8,(anonymous_1)
FNDA:2,(anonymous_2)
DA:1,1
DA:4,1
DA:6,1
DA:7,8
DA:17,2
LF:5
LH:5
BRF:0
BRH:0
end_of_record
TN:
SF:src/infra/providers/SendGridProvider.ts
FN:9,(anonymous_1)
FN:14,(anonymous_2)
FNF:2
FNH:2
FNDA:8,(anonymous_1)
FNDA:4,(anonymous_2)
DA:2,1
DA:3,1
DA:6,1
DA:10,8
DA:11,8
DA:15,4
DA:24,4
LF:7
LH:7
BRF:0
BRH:0
end_of_record
TN:
SF:src/infra/queues/DeadLetterPublisher.ts
FN:5,(anonymous_0)
FN:7,(anonymous_1)
FNF:2
FNH:2
FNDA:3,(anonymous_0)
FNDA:3,(anonymous_1)
DA:2,1
DA:4,1
DA:5,3
DA:8,3
LF:4
LH:4
BRF:0
BRH:0
end_of_record
TN:
SF:src/infra/queues/RabbitMQConsumer.ts
FN:15,(anonymous_0)
FN:26,(anonymous_1)
FN:33,(anonymous_2)
FN:34,(anonymous_3)
FN:58,(anonymous_4)
FN:75,(anonymous_5)
FNF:6
FNH:6
FNDA:9,(anonymous_0)
FNDA:1,(anonymous_1)
FNDA:3,(anonymous_2)
FNDA:3,(anonymous_3)
FNDA:4,(anonymous_4)
FNDA:1,(anonymous_5)
DA:2,1
DA:6,1
DA:8,1
DA:9,1
DA:11,1
DA:13,9
DA:16,9
DA:17,9
DA:18,9
DA:22,9
DA:23,9
DA:27,1
DA:28,1
DA:30,1
DA:34,3
DA:35,3
DA:36,3
DA:37,3
DA:39,3
DA:41,2
DA:42,2
DA:43,1
DA:46,1
DA:48,1
DA:49,1
DA:51,2
DA:52,2
DA:59,4
DA:61,4
DA:62,1
DA:63,1
DA:64,1
DA:68,3
DA:69,3
DA:76,1
DA:77,1
LF:36
LH:36
BRDA:23,0,0,9
BRDA:23,0,1,0
BRDA:35,1,0,3
BRDA:42,2,0,1
BRDA:61,3,0,1
BRDA:61,3,1,3
BRF:6
BRH:5
end_of_record
TN:
SF:src/infra/redis/RateLimiter.ts
FN:8,(anonymous_1)
FN:16,(anonymous_2)
FN:27,(anonymous_3)
FNF:3
FNH:3
FNDA:18,(anonymous_1)
FNDA:3,(anonymous_2)
FNDA:10,(anonymous_3)
DA:1,2
DA:2,2
DA:3,2
DA:5,2
DA:9,18
DA:17,3
DA:18,3
DA:20,3
DA:21,1
DA:24,3
DA:28,10
LF:11
LH:11
BRDA:12,0,0,18
BRDA:12,0,1,18
BRDA:20,1,0,1
BRF:3
BRH:3
end_of_record
TN:
SF:src/infra/redis/RetryHandler.ts
FN:11,(anonymous_1)
FN:19,(anonymous_2)
FN:30,(anonymous_3)
FN:36,(anonymous_4)
FNF:4
FNH:4
FNDA:10,(anonymous_1)
FNDA:2,(anonymous_2)
FNDA:3,(anonymous_3)
FNDA:10,(anonymous_4)
DA:1,1
DA:2,1
DA:3,1
DA:5,1
DA:7,1
DA:9,10
DA:12,10
DA:20,2
DA:21,2
DA:23,2
DA:24,1
DA:27,2
DA:31,3
DA:32,3
DA:33,3
DA:37,10
LF:16
LH:16
BRDA:15,0,0,10
BRDA:15,0,1,10
BRDA:23,1,0,1
BRF:3
BRH:3
end_of_record
TN:
SF:src/middlewares/ValidateEmailPayload.ts
FN:4,(anonymous_0)
FNF:1
FNH:0
FNDA:0,(anonymous_0)
DA:3,0
DA:5,0
DA:6,0
DA:9,0
DA:10,0
DA:13,0
DA:14,0
DA:17,0
DA:18,0
LF:9
LH:0
BRDA:5,0,0,0
BRDA:9,1,0,0
BRDA:13,2,0,0
BRDA:13,3,0,0
BRDA:13,3,1,0
BRDA:17,4,0,0
BRDA:17,5,0,0
BRDA:17,5,1,0
BRF:8
BRH:0
end_of_record
TN:
SF:src/shared/shutdown/GracefulShutdown.ts
FN:7,(anonymous_0)
FN:13,(anonymous_1)
FN:14,(anonymous_2)
FNF:3
FNH:0
FNDA:0,(anonymous_0)
FNDA:0,(anonymous_1)
FNDA:0,(anonymous_2)
DA:4,0
DA:6,0
DA:8,0
DA:9,0
DA:10,0
DA:14,0
DA:15,0
DA:16,0
DA:17,0
DA:18,0
DA:19,0
DA:20,0
DA:21,0
DA:23,0
DA:24,0
DA:28,0
DA:29,0
LF:17
LH:0
BRF:0
BRH:0
end_of_record
TN:
SF:src/web/server.ts
FN:14,(anonymous_1)
FN:15,(anonymous_2)
FNF:2
FNH:0
FNDA:0,(anonymous_1)
FNDA:0,(anonymous_2)
DA:1,0
DA:2,0
DA:3,0
DA:4,0
DA:6,0
DA:9,0
DA:12,0
DA:14,0
DA:15,0
DA:16,0
LF:10
LH:0
BRF:0
BRH:0
end_of_record
TN:
SF:src/web/routes/health.ts
FN:5,(anonymous_0)
FNF:1
FNH:0
FNDA:0,(anonymous_0)
DA:1,0
DA:3,0
DA:5,0
DA:6,0
DA:9,0
LF:5
LH:0
BRF:0
BRH:0
end_of_record
